빌드 시작: 2016-12-23 오전 4:49:50
     1>2 노드의 "C:\Users\402B1\Desktop\phonebook_schedule\phonebook_schedule\phonebook_schedule.vcxproj" 프로젝트(build 대상)입니다.
     1>InitializeBuildStatus:
         "AlwaysCreate"이(가) 지정되었기 때문에 "Debug\phonebook_schedule.unsuccessfulbuild"을(를) 만들고 있습니다.
       ClCompile:
         C:\Program Files\Microsoft Visual Studio 10.0\VC\bin\CL.exe /c /ZI /nologo /W3 /WX- /Od /Oy- /D WIN32 /D _DEBUG /D _CONSOLE /D _UNICODE /D UNICODE /Gm /EHsc /RTC1 /MDd /GS /fp:precise /Zc:wchar_t /Zc:forScope /Fo"Debug\\" /Fd"Debug\vc100.pdb" /Gd /TC /analyze- /errorReport:prompt schedule.c
         schedule.c
     1>c:\users\402b1\desktop\phonebook_schedule\phonebook_schedule\schedule.c(35): warning C4996: 'scanf': This function or variable may be unsafe. Consider using scanf_s instead. To disable deprecation, use _CRT_SECURE_NO_WARNINGS. See online help for details.
                 c:\program files\microsoft visual studio 10.0\vc\include\stdio.h(304) : 'scanf' 선언을 참조하십시오.
     1>c:\users\402b1\desktop\phonebook_schedule\phonebook_schedule\schedule.c(68): warning C4996: 'scanf': This function or variable may be unsafe. Consider using scanf_s instead. To disable deprecation, use _CRT_SECURE_NO_WARNINGS. See online help for details.
                 c:\program files\microsoft visual studio 10.0\vc\include\stdio.h(304) : 'scanf' 선언을 참조하십시오.
     1>c:\users\402b1\desktop\phonebook_schedule\phonebook_schedule\schedule.c(72): warning C4047: '==' : 'int'의 간접 참조 수준이 'void *'과(와) 다릅니다.
     1>c:\users\402b1\desktop\phonebook_schedule\phonebook_schedule\schedule.c(72): warning C4047: '==' : 'int'의 간접 참조 수준이 'void *'과(와) 다릅니다.
     1>c:\users\402b1\desktop\phonebook_schedule\phonebook_schedule\schedule.c(72): warning C4047: '==' : 'int'의 간접 참조 수준이 'void *'과(와) 다릅니다.
     1>c:\users\402b1\desktop\phonebook_schedule\phonebook_schedule\schedule.c(72): warning C4047: '==' : 'int'의 간접 참조 수준이 'void *'과(와) 다릅니다.
     1>c:\users\402b1\desktop\phonebook_schedule\phonebook_schedule\schedule.c(72): warning C4047: '==' : 'int'의 간접 참조 수준이 'void *'과(와) 다릅니다.
     1>c:\users\402b1\desktop\phonebook_schedule\phonebook_schedule\schedule.c(75): warning C4996: 'scanf': This function or variable may be unsafe. Consider using scanf_s instead. To disable deprecation, use _CRT_SECURE_NO_WARNINGS. See online help for details.
                 c:\program files\microsoft visual studio 10.0\vc\include\stdio.h(304) : 'scanf' 선언을 참조하십시오.
     1>c:\users\402b1\desktop\phonebook_schedule\phonebook_schedule\schedule.c(82): warning C4996: 'gets': This function or variable may be unsafe. Consider using gets_s instead. To disable deprecation, use _CRT_SECURE_NO_WARNINGS. See online help for details.
                 c:\program files\microsoft visual studio 10.0\vc\include\stdio.h(277) : 'gets' 선언을 참조하십시오.
     1>c:\users\402b1\desktop\phonebook_schedule\phonebook_schedule\schedule.c(58): warning C4101: 'i' :참조되지 않은 지역 변수입니다.
     1>c:\users\402b1\desktop\phonebook_schedule\phonebook_schedule\schedule.c(91): warning C4101: 'num' :참조되지 않은 지역 변수입니다.
     1>c:\users\402b1\desktop\phonebook_schedule\phonebook_schedule\schedule.c(113): warning C4996: 'gets': This function or variable may be unsafe. Consider using gets_s instead. To disable deprecation, use _CRT_SECURE_NO_WARNINGS. See online help for details.
                 c:\program files\microsoft visual studio 10.0\vc\include\stdio.h(277) : 'gets' 선언을 참조하십시오.
     1>c:\users\402b1\desktop\phonebook_schedule\phonebook_schedule\schedule.c(133): warning C4996: 'gets': This function or variable may be unsafe. Consider using gets_s instead. To disable deprecation, use _CRT_SECURE_NO_WARNINGS. See online help for details.
                 c:\program files\microsoft visual studio 10.0\vc\include\stdio.h(277) : 'gets' 선언을 참조하십시오.
       ManifestResourceCompile:
         모든 출력이 최신 상태입니다.
       Link:
         C:\Program Files\Microsoft Visual Studio 10.0\VC\bin\link.exe /ERRORREPORT:PROMPT /OUT:"C:\Users\402B1\Desktop\phonebook_schedule\Debug\phonebook_schedule.exe" /INCREMENTAL /NOLOGO kernel32.lib user32.lib gdi32.lib winspool.lib comdlg32.lib advapi32.lib shell32.lib ole32.lib oleaut32.lib uuid.lib odbc32.lib odbccp32.lib /MANIFEST /ManifestFile:"Debug\phonebook_schedule.exe.intermediate.manifest" /MANIFESTUAC:"level='asInvoker' uiAccess='false'" /DEBUG /PDB:"C:\Users\402B1\Desktop\phonebook_schedule\Debug\phonebook_schedule.pdb" /SUBSYSTEM:CONSOLE /TLBID:1 /DYNAMICBASE /NXCOMPAT /IMPLIB:"C:\Users\402B1\Desktop\phonebook_schedule\Debug\phonebook_schedule.lib" /MACHINE:X86 Debug\phonebook_schedule.exe.embed.manifest.res
         Debug\main.obj
         Debug\phonebook.obj
         Debug\schedule.obj
       Manifest:
         C:\Program Files\Microsoft SDKs\Windows\v7.0A\bin\mt.exe /nologo /verbose /out:"Debug\phonebook_schedule.exe.embed.manifest" /manifest Debug\phonebook_schedule.exe.intermediate.manifest
         모든 출력이 최신 상태입니다.
       LinkEmbedManifest:
         모든 출력이 최신 상태입니다.
         phonebook_schedule.vcxproj -> C:\Users\402B1\Desktop\phonebook_schedule\Debug\phonebook_schedule.exe
       FinalizeBuildStatus:
         "Debug\phonebook_schedule.unsuccessfulbuild" 파일을 삭제하고 있습니다.
         "Debug\phonebook_schedule.lastbuildstate"에 연결(touching)하고 있습니다.
     1>"C:\Users\402B1\Desktop\phonebook_schedule\phonebook_schedule\phonebook_schedule.vcxproj" 프로젝트를 빌드했습니다(build 대상).

빌드했습니다.

경과 시간: 00:00:00.32
